# JRE version: Java(TM) SE Runtime Environment (8.0_05-b13) (build 1.8.0_05-b13)
# Java VM: Java HotSpot(TM) 64-Bit Server VM (25.5-b02 mixed mode windows-amd64 compressed oops)
Heap:
 def new generation   total 1152K, used 621K [0x00000000a2400000, 0x00000000a2540000, 0x00000000c1800000)
  eden space 1024K,  55% used [0x00000000a2400000, 0x00000000a248eb50, 0x00000000a2500000)
  from space 128K,  39% used [0x00000000a2520000, 0x00000000a252ca40, 0x00000000a2540000)
  to   space 128K,   0% used [0x00000000a2500000, 0x00000000a2500000, 0x00000000a2520000)
 tenured generation   total 256768K, used 51545K [0x00000000c1800000, 0x00000000d12c0000, 0x0000000100000000)
   the space 256768K,  20% used [0x00000000c1800000, 0x00000000c4a56698, 0x00000000c4a56800, 0x00000000d12c0000)
 Metaspace       used 13690K, capacity 14032K, committed 14208K, reserved 1062912K
  class space    used 1549K, capacity 1622K, committed 1664K, reserved 1048576K
GC Heap History (10 events):
Event: 2.976 GC heap before
{Heap before GC invocations=574 (full 0):
 def new generation   total 1152K, used 1152K [0x00000000a2400000, 0x00000000a2540000, 0x00000000c1800000)
  eden space 1024K, 100% used [0x00000000a2400000, 0x00000000a2500000, 0x00000000a2500000)
  from space 128K, 100% used [0x00000000a2500000, 0x00000000a2520000, 0x00000000a2520000)
  to   space 128K,   0% used [0x00000000a2520000, 0x00000000a2520000, 0x00000000a2540000)
 tenured generation   total 256768K, used 51251K [0x00000000c1800000, 0x00000000d12c0000, 0x0000000100000000)
   the space 256768K,  19% used [0x00000000c1800000, 0x00000000c4a0ccc8, 0x00000000c4a0ce00, 0x00000000d12c0000)
 Metaspace       used 13431K, capacity 13806K, committed 13952K, reserved 1060864K
  class space    used 1524K, capacity 1588K, committed 1664K, reserved 1048576K
Event: 2.977 GC heap after
Heap after GC invocations=575 (full 0):
 def new generation   total 1152K, used 118K [0x00000000a2400000, 0x00000000a2540000, 0x00000000c1800000)
  eden space 1024K,   0% used [0x00000000a2400000, 0x00000000a2400000, 0x00000000a2500000)
  from space 128K,  92% used [0x00000000a2520000, 0x00000000a253dbc0, 0x00000000a2540000)
  to   space 128K,   0% used [0x00000000a2500000, 0x00000000a2500000, 0x00000000a2520000)
 tenured generation   total 256768K, used 51336K [0x00000000c1800000, 0x00000000d12c0000, 0x0000000100000000)
   the space 256768K,  19% used [0x00000000c1800000, 0x00000000c4a22178, 0x00000000c4a22200, 0x00000000d12c0000)
 Metaspace       used 13431K, capacity 13806K, committed 13952K, reserved 1060864K
  class space    used 1524K, capacity 1588K, committed 1664K, reserved 1048576K
}
Event: 2.979 GC heap before
{Heap before GC invocations=575 (full 0):
 def new generation   total 1152K, used 1142K [0x00000000a2400000, 0x00000000a2540000, 0x00000000c1800000)
  eden space 1024K, 100% used [0x00000000a2400000, 0x00000000a2500000, 0x00000000a2500000)
  from space 128K,  92% used [0x00000000a2520000, 0x00000000a253dbc0, 0x00000000a2540000)
  to   space 128K,   0% used [0x00000000a2500000, 0x00000000a2500000, 0x00000000a2520000)
 tenured generation   total 256768K, used 51336K [0x00000000c1800000, 0x00000000d12c0000, 0x0000000100000000)
   the space 256768K,  19% used [0x00000000c1800000, 0x00000000c4a22178, 0x00000000c4a22200, 0x00000000d12c0000)
 Metaspace       used 13431K, capacity 13806K, committed 13952K, reserved 1060864K
  class space    used 1524K, capacity 1588K, committed 1664K, reserved 1048576K
Event: 2.980 GC heap after
Heap after GC invocations=576 (full 0):
 def new generation   total 1152K, used 70K [0x00000000a2400000, 0x00000000a2540000, 0x00000000c1800000)
  eden space 1024K,   0% used [0x00000000a2400000, 0x00000000a2400000, 0x00000000a2500000)
  from space 128K,  55% used [0x00000000a2500000, 0x00000000a25119b0, 0x00000000a2520000)
  to   space 128K,   0% used [0x00000000a2520000, 0x00000000a2520000, 0x00000000a2540000)
 tenured generation   total 256768K, used 51405K [0x00000000c1800000, 0x00000000d12c0000, 0x0000000100000000)
   the space 256768K,  20% used [0x00000000c1800000, 0x00000000c4a33578, 0x00000000c4a33600, 0x00000000d12c0000)
 Metaspace       used 13431K, capacity 13806K, committed 13952K, reserved 1060864K
  class space    used 1524K, capacity 1588K, committed 1664K, reserved 1048576K
}
Event: 2.983 GC heap before
{Heap before GC invocations=576 (full 0):
 def new generation   total 1152K, used 1094K [0x00000000a2400000, 0x00000000a2540000, 0x00000000c1800000)
  eden space 1024K, 100% used [0x00000000a2400000, 0x00000000a2500000, 0x00000000a2500000)
  from space 128K,  55% used [0x00000000a2500000, 0x00000000a25119b0, 0x00000000a2520000)
  to   space 128K,   0% used [0x00000000a2520000, 0x00000000a2520000, 0x00000000a2540000)
 tenured generation   total 256768K, used 51405K [0x00000000c1800000, 0x00000000d12c0000, 0x0000000100000000)
   the space 256768K,  20% used [0x00000000c1800000, 0x00000000c4a33578, 0x00000000c4a33600, 0x00000000d12c0000)
 Metaspace       used 13431K, capacity 13806K, committed 13952K, reserved 1060864K
  class space    used 1524K, capacity 1588K, committed 1664K, reserved 1048576K
Event: 2.984 GC heap after
Heap after GC invocations=577 (full 0):
 def new generation   total 1152K, used 127K [0x00000000a2400000, 0x00000000a2540000, 0x00000000c1800000)
  eden space 1024K,   0% used [0x00000000a2400000, 0x00000000a2400000, 0x00000000a2500000)
  from space 128K,  99% used [0x00000000a2520000, 0x00000000a253fff8, 0x00000000a2540000)
  to   space 128K,   0% used [0x00000000a2500000, 0x00000000a2500000, 0x00000000a2520000)
 tenured generation   total 256768K, used 51449K [0x00000000c1800000, 0x00000000d12c0000, 0x0000000100000000)
   the space 256768K,  20% used [0x00000000c1800000, 0x00000000c4a3e4d0, 0x00000000c4a3e600, 0x00000000d12c0000)
 Metaspace       used 13431K, capacity 13806K, committed 13952K, reserved 1060864K
  class space    used 1524K, capacity 1588K, committed 1664K, reserved 1048576K
}
Event: 2.988 GC heap before
{Heap before GC invocations=577 (full 0):
 def new generation   total 1152K, used 1151K [0x00000000a2400000, 0x00000000a2540000, 0x00000000c1800000)
  eden space 1024K, 100% used [0x00000000a2400000, 0x00000000a2500000, 0x00000000a2500000)
  from space 128K,  99% used [0x00000000a2520000, 0x00000000a253fff8, 0x00000000a2540000)
  to   space 128K,   0% used [0x00000000a2500000, 0x00000000a2500000, 0x00000000a2520000)
 tenured generation   total 256768K, used 51449K [0x00000000c1800000, 0x00000000d12c0000, 0x0000000100000000)
   the space 256768K,  20% used [0x00000000c1800000, 0x00000000c4a3e4d0, 0x00000000c4a3e600, 0x00000000d12c0000)
 Metaspace       used 13431K, capacity 13806K, committed 13952K, reserved 1060864K
  class space    used 1524K, capacity 1588K, committed 1664K, reserved 1048576K
Event: 2.989 GC heap after
Heap after GC invocations=578 (full 0):
 def new generation   total 1152K, used 76K [0x00000000a2400000, 0x00000000a2540000, 0x00000000c1800000)
  eden space 1024K,   0% used [0x00000000a2400000, 0x00000000a2400000, 0x00000000a2500000)
  from space 128K,  59% used [0x00000000a2500000, 0x00000000a2513010, 0x00000000a2520000)
  to   space 128K,   0% used [0x00000000a2520000, 0x00000000a2520000, 0x00000000a2540000)
 tenured generation   total 256768K, used 51531K [0x00000000c1800000, 0x00000000d12c0000, 0x0000000100000000)
   the space 256768K,  20% used [0x00000000c1800000, 0x00000000c4a52cc0, 0x00000000c4a52e00, 0x00000000d12c0000)
 Metaspace       used 13431K, capacity 13806K, committed 13952K, reserved 1060864K
  class space    used 1524K, capacity 1588K, committed 1664K, reserved 1048576K
}
Event: 2.995 GC heap before
{Heap before GC invocations=578 (full 0):
 def new generation   total 1152K, used 1100K [0x00000000a2400000, 0x00000000a2540000, 0x00000000c1800000)
  eden space 1024K, 100% used [0x00000000a2400000, 0x00000000a2500000, 0x00000000a2500000)
  from space 128K,  59% used [0x00000000a2500000, 0x00000000a2513010, 0x00000000a2520000)
  to   space 128K,   0% used [0x00000000a2520000, 0x00000000a2520000, 0x00000000a2540000)
 tenured generation   total 256768K, used 51531K [0x00000000c1800000, 0x00000000d12c0000, 0x0000000100000000)
   the space 256768K,  20% used [0x00000000c1800000, 0x00000000c4a52cc0, 0x00000000c4a52e00, 0x00000000d12c0000)
 Metaspace       used 13609K, capacity 13968K, committed 14208K, reserved 1062912K
  class space    used 1541K, capacity 1622K, committed 1664K, reserved 1048576K
Event: 2.996 GC heap after
Heap after GC invocations=579 (full 0):
 def new generation   total 1152K, used 50K [0x00000000a2400000, 0x00000000a2540000, 0x00000000c1800000)
  eden space 1024K,   0% used [0x00000000a2400000, 0x00000000a2400000, 0x00000000a2500000)
  from space 128K,  39% used [0x00000000a2520000, 0x00000000a252ca40, 0x00000000a2540000)
  to   space 128K,   0% used [0x00000000a2500000, 0x00000000a2500000, 0x00000000a2520000)
 tenured generation   total 256768K, used 51545K [0x00000000c1800000, 0x00000000d12c0000, 0x0000000100000000)
   the space 256768K,  20% used [0x00000000c1800000, 0x00000000c4a56698, 0x00000000c4a56800, 0x00000000d12c0000)
 Metaspace       used 13609K, capacity 13968K, committed 14208K, reserved 1062912K
  class space    used 1541K, capacity 1622K, committed 1664K, reserved 1048576K
}

