# JRE version: Java(TM) SE Runtime Environment (8.0_05-b13) (build 1.8.0_05-b13)
# Java VM: Java HotSpot(TM) 64-Bit Server VM (25.5-b02 mixed mode windows-amd64 compressed oops)
Heap:
 def new generation   total 1152K, used 295K [0x00000000a2400000, 0x00000000a2540000, 0x00000000c1800000)
  eden space 1024K,  21% used [0x00000000a2400000, 0x00000000a2437e38, 0x00000000a2500000)
  from space 128K,  56% used [0x00000000a2520000, 0x00000000a2531ee0, 0x00000000a2540000)
  to   space 128K,   0% used [0x00000000a2500000, 0x00000000a2500000, 0x00000000a2520000)
 tenured generation   total 256768K, used 52539K [0x00000000c1800000, 0x00000000d12c0000, 0x0000000100000000)
   the space 256768K,  20% used [0x00000000c1800000, 0x00000000c4b4efc0, 0x00000000c4b4f000, 0x00000000d12c0000)
 Metaspace       used 13694K, capacity 14032K, committed 14208K, reserved 1062912K
  class space    used 1548K, capacity 1622K, committed 1664K, reserved 1048576K
GC Heap History (10 events):
Event: 3.075 GC heap before
{Heap before GC invocations=574 (full 0):
 def new generation   total 1152K, used 1097K [0x00000000a2400000, 0x00000000a2540000, 0x00000000c1800000)
  eden space 1024K, 100% used [0x00000000a2400000, 0x00000000a2500000, 0x00000000a2500000)
  from space 128K,  57% used [0x00000000a2500000, 0x00000000a25125c8, 0x00000000a2520000)
  to   space 128K,   0% used [0x00000000a2520000, 0x00000000a2520000, 0x00000000a2540000)
 tenured generation   total 256768K, used 52306K [0x00000000c1800000, 0x00000000d12c0000, 0x0000000100000000)
   the space 256768K,  20% used [0x00000000c1800000, 0x00000000c4b14b58, 0x00000000c4b14c00, 0x00000000d12c0000)
 Metaspace       used 13436K, capacity 13806K, committed 13952K, reserved 1060864K
  class space    used 1522K, capacity 1588K, committed 1664K, reserved 1048576K
Event: 3.076 GC heap after
Heap after GC invocations=575 (full 0):
 def new generation   total 1152K, used 128K [0x00000000a2400000, 0x00000000a2540000, 0x00000000c1800000)
  eden space 1024K,   0% used [0x00000000a2400000, 0x00000000a2400000, 0x00000000a2500000)
  from space 128K, 100% used [0x00000000a2520000, 0x00000000a2540000, 0x00000000a2540000)
  to   space 128K,   0% used [0x00000000a2500000, 0x00000000a2500000, 0x00000000a2520000)
 tenured generation   total 256768K, used 52355K [0x00000000c1800000, 0x00000000d12c0000, 0x0000000100000000)
   the space 256768K,  20% used [0x00000000c1800000, 0x00000000c4b20f08, 0x00000000c4b21000, 0x00000000d12c0000)
 Metaspace       used 13436K, capacity 13806K, committed 13952K, reserved 1060864K
  class space    used 1522K, capacity 1588K, committed 1664K, reserved 1048576K
}
Event: 3.080 GC heap before
{Heap before GC invocations=575 (full 0):
 def new generation   total 1152K, used 1152K [0x00000000a2400000, 0x00000000a2540000, 0x00000000c1800000)
  eden space 1024K, 100% used [0x00000000a2400000, 0x00000000a2500000, 0x00000000a2500000)
  from space 128K, 100% used [0x00000000a2520000, 0x00000000a2540000, 0x00000000a2540000)
  to   space 128K,   0% used [0x00000000a2500000, 0x00000000a2500000, 0x00000000a2520000)
 tenured generation   total 256768K, used 52355K [0x00000000c1800000, 0x00000000d12c0000, 0x0000000100000000)
   the space 256768K,  20% used [0x00000000c1800000, 0x00000000c4b20f08, 0x00000000c4b21000, 0x00000000d12c0000)
 Metaspace       used 13436K, capacity 13806K, committed 13952K, reserved 1060864K
  class space    used 1522K, capacity 1588K, committed 1664K, reserved 1048576K
Event: 3.081 GC heap after
Heap after GC invocations=576 (full 0):
 def new generation   total 1152K, used 77K [0x00000000a2400000, 0x00000000a2540000, 0x00000000c1800000)
  eden space 1024K,   0% used [0x00000000a2400000, 0x00000000a2400000, 0x00000000a2500000)
  from space 128K,  60% used [0x00000000a2500000, 0x00000000a2513400, 0x00000000a2520000)
  to   space 128K,   0% used [0x00000000a2520000, 0x00000000a2520000, 0x00000000a2540000)
 tenured generation   total 256768K, used 52436K [0x00000000c1800000, 0x00000000d12c0000, 0x0000000100000000)
   the space 256768K,  20% used [0x00000000c1800000, 0x00000000c4b352f8, 0x00000000c4b35400, 0x00000000d12c0000)
 Metaspace       used 13436K, capacity 13806K, committed 13952K, reserved 1060864K
  class space    used 1522K, capacity 1588K, committed 1664K, reserved 1048576K
}
Event: 3.084 GC heap before
{Heap before GC invocations=576 (full 0):
 def new generation   total 1152K, used 1101K [0x00000000a2400000, 0x00000000a2540000, 0x00000000c1800000)
  eden space 1024K, 100% used [0x00000000a2400000, 0x00000000a2500000, 0x00000000a2500000)
  from space 128K,  60% used [0x00000000a2500000, 0x00000000a2513400, 0x00000000a2520000)
  to   space 128K,   0% used [0x00000000a2520000, 0x00000000a2520000, 0x00000000a2540000)
 tenured generation   total 256768K, used 52436K [0x00000000c1800000, 0x00000000d12c0000, 0x0000000100000000)
   the space 256768K,  20% used [0x00000000c1800000, 0x00000000c4b352f8, 0x00000000c4b35400, 0x00000000d12c0000)
 Metaspace       used 13436K, capacity 13806K, committed 13952K, reserved 1060864K
  class space    used 1522K, capacity 1588K, committed 1664K, reserved 1048576K
Event: 3.085 GC heap after
Heap after GC invocations=577 (full 0):
 def new generation   total 1152K, used 111K [0x00000000a2400000, 0x00000000a2540000, 0x00000000c1800000)
  eden space 1024K,   0% used [0x00000000a2400000, 0x00000000a2400000, 0x00000000a2500000)
  from space 128K,  87% used [0x00000000a2520000, 0x00000000a253bdc0, 0x00000000a2540000)
  to   space 128K,   0% used [0x00000000a2500000, 0x00000000a2500000, 0x00000000a2520000)
 tenured generation   total 256768K, used 52450K [0x00000000c1800000, 0x00000000d12c0000, 0x0000000100000000)
   the space 256768K,  20% used [0x00000000c1800000, 0x00000000c4b38b38, 0x00000000c4b38c00, 0x00000000d12c0000)
 Metaspace       used 13436K, capacity 13806K, committed 13952K, reserved 1060864K
  class space    used 1522K, capacity 1588K, committed 1664K, reserved 1048576K
}
Event: 3.094 GC heap before
{Heap before GC invocations=577 (full 0):
 def new generation   total 1152K, used 1135K [0x00000000a2400000, 0x00000000a2540000, 0x00000000c1800000)
  eden space 1024K, 100% used [0x00000000a2400000, 0x00000000a2500000, 0x00000000a2500000)
  from space 128K,  87% used [0x00000000a2520000, 0x00000000a253bdc0, 0x00000000a2540000)
  to   space 128K,   0% used [0x00000000a2500000, 0x00000000a2500000, 0x00000000a2520000)
 tenured generation   total 256768K, used 52450K [0x00000000c1800000, 0x00000000d12c0000, 0x0000000100000000)
   the space 256768K,  20% used [0x00000000c1800000, 0x00000000c4b38b38, 0x00000000c4b38c00, 0x00000000d12c0000)
 Metaspace       used 13502K, capacity 13904K, committed 13952K, reserved 1060864K
  class space    used 1531K, capacity 1622K, committed 1664K, reserved 1048576K
Event: 3.096 GC heap after
Heap after GC invocations=578 (full 0):
 def new generation   total 1152K, used 80K [0x00000000a2400000, 0x00000000a2540000, 0x00000000c1800000)
  eden space 1024K,   0% used [0x00000000a2400000, 0x00000000a2400000, 0x00000000a2500000)
  from space 128K,  62% used [0x00000000a2500000, 0x00000000a2514048, 0x00000000a2520000)
  to   space 128K,   0% used [0x00000000a2520000, 0x00000000a2520000, 0x00000000a2540000)
 tenured generation   total 256768K, used 52510K [0x00000000c1800000, 0x00000000d12c0000, 0x0000000100000000)
   the space 256768K,  20% used [0x00000000c1800000, 0x00000000c4b47ab8, 0x00000000c4b47c00, 0x00000000d12c0000)
 Metaspace       used 13502K, capacity 13904K, committed 13952K, reserved 1060864K
  class space    used 1531K, capacity 1622K, committed 1664K, reserved 1048576K
}
Event: 3.102 GC heap before
{Heap before GC invocations=578 (full 0):
 def new generation   total 1152K, used 1104K [0x00000000a2400000, 0x00000000a2540000, 0x00000000c1800000)
  eden space 1024K, 100% used [0x00000000a2400000, 0x00000000a2500000, 0x00000000a2500000)
  from space 128K,  62% used [0x00000000a2500000, 0x00000000a2514048, 0x00000000a2520000)
  to   space 128K,   0% used [0x00000000a2520000, 0x00000000a2520000, 0x00000000a2540000)
 tenured generation   total 256768K, used 52510K [0x00000000c1800000, 0x00000000d12c0000, 0x0000000100000000)
   the space 256768K,  20% used [0x00000000c1800000, 0x00000000c4b47ab8, 0x00000000c4b47c00, 0x00000000d12c0000)
 Metaspace       used 13647K, capacity 13968K, committed 14208K, reserved 1062912K
  class space    used 1543K, capacity 1622K, committed 1664K, reserved 1048576K
Event: 3.103 GC heap after
Heap after GC invocations=579 (full 0):
 def new generation   total 1152K, used 71K [0x00000000a2400000, 0x00000000a2540000, 0x00000000c1800000)
  eden space 1024K,   0% used [0x00000000a2400000, 0x00000000a2400000, 0x00000000a2500000)
  from space 128K,  56% used [0x00000000a2520000, 0x00000000a2531ee0, 0x00000000a2540000)
  to   space 128K,   0% used [0x00000000a2500000, 0x00000000a2500000, 0x00000000a2520000)
 tenured generation   total 256768K, used 52539K [0x00000000c1800000, 0x00000000d12c0000, 0x0000000100000000)
   the space 256768K,  20% used [0x00000000c1800000, 0x00000000c4b4efc0, 0x00000000c4b4f000, 0x00000000d12c0000)
 Metaspace       used 13647K, capacity 13968K, committed 14208K, reserved 1062912K
  class space    used 1543K, capacity 1622K, committed 1664K, reserved 1048576K
}

