# JRE version: Java(TM) SE Runtime Environment (8.0_05-b13) (build 1.8.0_05-b13)
# Java VM: Java HotSpot(TM) 64-Bit Server VM (25.5-b02 mixed mode windows-amd64 compressed oops)
Heap:
 def new generation   total 1152K, used 402K [0x00000000a2400000, 0x00000000a2540000, 0x00000000c1800000)
  eden space 1024K,  32% used [0x00000000a2400000, 0x00000000a2452730, 0x00000000a2500000)
  from space 128K,  56% used [0x00000000a2500000, 0x00000000a25123b8, 0x00000000a2520000)
  to   space 128K,   0% used [0x00000000a2520000, 0x00000000a2520000, 0x00000000a2540000)
 tenured generation   total 256768K, used 1941K [0x00000000c1800000, 0x00000000d12c0000, 0x0000000100000000)
   the space 256768K,   0% used [0x00000000c1800000, 0x00000000c19e5630, 0x00000000c19e5800, 0x00000000d12c0000)
 Metaspace       used 4343K, capacity 4998K, committed 5120K, reserved 1056768K
  class space    used 472K, capacity 498K, committed 512K, reserved 1048576K
GC Heap History (10 events):
Event: 0.122 GC heap before
{Heap before GC invocations=3 (full 0):
 def new generation   total 1152K, used 1146K [0x00000000a2400000, 0x00000000a2540000, 0x00000000c1800000)
  eden space 1024K,  99% used [0x00000000a2400000, 0x00000000a24feba8, 0x00000000a2500000)
  from space 128K, 100% used [0x00000000a2520000, 0x00000000a2540000, 0x00000000a2540000)
  to   space 128K,   0% used [0x00000000a2500000, 0x00000000a2500000, 0x00000000a2520000)
 tenured generation   total 256768K, used 1125K [0x00000000c1800000, 0x00000000d12c0000, 0x0000000100000000)
   the space 256768K,   0% used [0x00000000c1800000, 0x00000000c1919490, 0x00000000c1919600, 0x00000000d12c0000)
 Metaspace       used 3000K, capacity 4596K, committed 4864K, reserved 1056768K
  class space    used 322K, capacity 424K, committed 512K, reserved 1048576K
Event: 0.123 GC heap after
Heap after GC invocations=4 (full 0):
 def new generation   total 1152K, used 128K [0x00000000a2400000, 0x00000000a2540000, 0x00000000c1800000)
  eden space 1024K,   0% used [0x00000000a2400000, 0x00000000a2400000, 0x00000000a2500000)
  from space 128K, 100% used [0x00000000a2500000, 0x00000000a2520000, 0x00000000a2520000)
  to   space 128K,   0% used [0x00000000a2520000, 0x00000000a2520000, 0x00000000a2540000)
 tenured generation   total 256768K, used 1344K [0x00000000c1800000, 0x00000000d12c0000, 0x0000000100000000)
   the space 256768K,   0% used [0x00000000c1800000, 0x00000000c19500e8, 0x00000000c1950200, 0x00000000d12c0000)
 Metaspace       used 3000K, capacity 4596K, committed 4864K, reserved 1056768K
  class space    used 322K, capacity 424K, committed 512K, reserved 1048576K
}
Event: 0.151 GC heap before
{Heap before GC invocations=4 (full 0):
 def new generation   total 1152K, used 1152K [0x00000000a2400000, 0x00000000a2540000, 0x00000000c1800000)
  eden space 1024K, 100% used [0x00000000a2400000, 0x00000000a2500000, 0x00000000a2500000)
  from space 128K, 100% used [0x00000000a2500000, 0x00000000a2520000, 0x00000000a2520000)
  to   space 128K,   0% used [0x00000000a2520000, 0x00000000a2520000, 0x00000000a2540000)
 tenured generation   total 256768K, used 1344K [0x00000000c1800000, 0x00000000d12c0000, 0x0000000100000000)
   the space 256768K,   0% used [0x00000000c1800000, 0x00000000c19500e8, 0x00000000c1950200, 0x00000000d12c0000)
 Metaspace       used 3962K, capacity 4828K, committed 5120K, reserved 1056768K
  class space    used 429K, capacity 464K, committed 512K, reserved 1048576K
Event: 0.152 GC heap after
Heap after GC invocations=5 (full 0):
 def new generation   total 1152K, used 127K [0x00000000a2400000, 0x00000000a2540000, 0x00000000c1800000)
  eden space 1024K,   0% used [0x00000000a2400000, 0x00000000a2400000, 0x00000000a2500000)
  from space 128K,  99% used [0x00000000a2520000, 0x00000000a253ff40, 0x00000000a2540000)
  to   space 128K,   0% used [0x00000000a2500000, 0x00000000a2500000, 0x00000000a2520000)
 tenured generation   total 256768K, used 1553K [0x00000000c1800000, 0x00000000d12c0000, 0x0000000100000000)
   the space 256768K,   0% used [0x00000000c1800000, 0x00000000c19846a0, 0x00000000c1984800, 0x00000000d12c0000)
 Metaspace       used 3962K, capacity 4828K, committed 5120K, reserved 1056768K
  class space    used 429K, capacity 464K, committed 512K, reserved 1048576K
}
Event: 0.167 GC heap before
{Heap before GC invocations=5 (full 0):
 def new generation   total 1152K, used 1151K [0x00000000a2400000, 0x00000000a2540000, 0x00000000c1800000)
  eden space 1024K, 100% used [0x00000000a2400000, 0x00000000a2500000, 0x00000000a2500000)
  from space 128K,  99% used [0x00000000a2520000, 0x00000000a253ff40, 0x00000000a2540000)
  to   space 128K,   0% used [0x00000000a2500000, 0x00000000a2500000, 0x00000000a2520000)
 tenured generation   total 256768K, used 1553K [0x00000000c1800000, 0x00000000d12c0000, 0x0000000100000000)
   the space 256768K,   0% used [0x00000000c1800000, 0x00000000c19846a0, 0x00000000c1984800, 0x00000000d12c0000)
 Metaspace       used 3979K, capacity 4828K, committed 5120K, reserved 1056768K
  class space    used 429K, capacity 464K, committed 512K, reserved 1048576K
Event: 0.168 GC heap after
Heap after GC invocations=6 (full 0):
 def new generation   total 1152K, used 128K [0x00000000a2400000, 0x00000000a2540000, 0x00000000c1800000)
  eden space 1024K,   0% used [0x00000000a2400000, 0x00000000a2400000, 0x00000000a2500000)
  from space 128K, 100% used [0x00000000a2500000, 0x00000000a2520000, 0x00000000a2520000)
  to   space 128K,   0% used [0x00000000a2520000, 0x00000000a2520000, 0x00000000a2540000)
 tenured generation   total 256768K, used 1727K [0x00000000c1800000, 0x00000000d12c0000, 0x0000000100000000)
   the space 256768K,   0% used [0x00000000c1800000, 0x00000000c19aff38, 0x00000000c19b0000, 0x00000000d12c0000)
 Metaspace       used 3979K, capacity 4828K, committed 5120K, reserved 1056768K
  class space    used 429K, capacity 464K, committed 512K, reserved 1048576K
}
Event: 0.178 GC heap before
{Heap before GC invocations=6 (full 0):
 def new generation   total 1152K, used 1152K [0x00000000a2400000, 0x00000000a2540000, 0x00000000c1800000)
  eden space 1024K, 100% used [0x00000000a2400000, 0x00000000a2500000, 0x00000000a2500000)
  from space 128K, 100% used [0x00000000a2500000, 0x00000000a2520000, 0x00000000a2520000)
  to   space 128K,   0% used [0x00000000a2520000, 0x00000000a2520000, 0x00000000a2540000)
 tenured generation   total 256768K, used 1727K [0x00000000c1800000, 0x00000000d12c0000, 0x0000000100000000)
   the space 256768K,   0% used [0x00000000c1800000, 0x00000000c19aff38, 0x00000000c19b0000, 0x00000000d12c0000)
 Metaspace       used 4031K, capacity 4828K, committed 5120K, reserved 1056768K
  class space    used 436K, capacity 464K, committed 512K, reserved 1048576K
Event: 0.179 GC heap after
Heap after GC invocations=7 (full 0):
 def new generation   total 1152K, used 126K [0x00000000a2400000, 0x00000000a2540000, 0x00000000c1800000)
  eden space 1024K,   0% used [0x00000000a2400000, 0x00000000a2400000, 0x00000000a2500000)
  from space 128K,  98% used [0x00000000a2520000, 0x00000000a253f928, 0x00000000a2540000)
  to   space 128K,   0% used [0x00000000a2500000, 0x00000000a2500000, 0x00000000a2520000)
 tenured generation   total 256768K, used 1851K [0x00000000c1800000, 0x00000000d12c0000, 0x0000000100000000)
   the space 256768K,   0% used [0x00000000c1800000, 0x00000000c19cec60, 0x00000000c19cee00, 0x00000000d12c0000)
 Metaspace       used 4031K, capacity 4828K, committed 5120K, reserved 1056768K
  class space    used 436K, capacity 464K, committed 512K, reserved 1048576K
}
Event: 0.191 GC heap before
{Heap before GC invocations=7 (full 0):
 def new generation   total 1152K, used 1150K [0x00000000a2400000, 0x00000000a2540000, 0x00000000c1800000)
  eden space 1024K, 100% used [0x00000000a2400000, 0x00000000a2500000, 0x00000000a2500000)
  from space 128K,  98% used [0x00000000a2520000, 0x00000000a253f928, 0x00000000a2540000)
  to   space 128K,   0% used [0x00000000a2500000, 0x00000000a2500000, 0x00000000a2520000)
 tenured generation   total 256768K, used 1851K [0x00000000c1800000, 0x00000000d12c0000, 0x0000000100000000)
   the space 256768K,   0% used [0x00000000c1800000, 0x00000000c19cec60, 0x00000000c19cee00, 0x00000000d12c0000)
 Metaspace       used 4237K, capacity 4934K, committed 5120K, reserved 1056768K
  class space    used 461K, capacity 498K, committed 512K, reserved 1048576K
Event: 0.191 GC heap after
Heap after GC invocations=8 (full 0):
 def new generation   total 1152K, used 72K [0x00000000a2400000, 0x00000000a2540000, 0x00000000c1800000)
  eden space 1024K,   0% used [0x00000000a2400000, 0x00000000a2400000, 0x00000000a2500000)
  from space 128K,  56% used [0x00000000a2500000, 0x00000000a25123b8, 0x00000000a2520000)
  to   space 128K,   0% used [0x00000000a2520000, 0x00000000a2520000, 0x00000000a2540000)
 tenured generation   total 256768K, used 1941K [0x00000000c1800000, 0x00000000d12c0000, 0x0000000100000000)
   the space 256768K,   0% used [0x00000000c1800000, 0x00000000c19e5630, 0x00000000c19e5800, 0x00000000d12c0000)
 Metaspace       used 4237K, capacity 4934K, committed 5120K, reserved 1056768K
  class space    used 461K, capacity 498K, committed 512K, reserved 1048576K
}

